- Nikto v2.1.6
---------------------------------------------------------------------------
+ Target IP:          10.10.172.129
+ Target Hostname:    10.10.172.129
+ Target Port:        80
+ Start Time:         2021-03-17 17:18:06 (GMT-4)
---------------------------------------------------------------------------
+ Server: Apache/2.4.29 (Ubuntu)
+ The anti-clickjacking X-Frame-Options header is not present.
+ The X-XSS-Protection header is not defined. This header can hint to the user agent to protect against some forms of XSS
+ The X-Content-Type-Options header is not set. This could allow the user agent to render the content of the site in a different fashion to the MIME type
+ Cookie PHPSESSID created without the httponly flag
+ No CGI Directories found (use '-C all' to force check all possible dirs)
+ Apache/2.4.29 appears to be outdated (current is at least Apache/2.4.37). Apache 2.2.34 is the EOL for the 2.x branch.
+ Web Server returns a valid response with junk HTTP methods, this may cause false positives.
+ OSVDB-3268: /css/: Directory indexing found.
+ OSVDB-3092: /css/: This might be interesting...
+ OSVDB-3233: /icons/README: Apache default file found.
+ Scan terminated:  20 error(s) and 9 item(s) reported on remote host
+ End Time:           2021-03-17 18:16:44 (GMT-4) (3518 seconds)
---------------------------------------------------------------------------
+ 1 host(s) tested
