- Nikto v2.1.6
---------------------------------------------------------------------------
+ Target IP:          10.10.246.121
+ Target Hostname:    10.10.246.121
+ Target Port:        80
+ Start Time:         2021-03-16 12:28:34 (GMT-4)
---------------------------------------------------------------------------
+ Server: Apache/2.4.18 (Ubuntu)
+ The anti-clickjacking X-Frame-Options header is not present.
+ The X-XSS-Protection header is not defined. This header can hint to the user agent to protect against some forms of XSS
+ The X-Content-Type-Options header is not set. This could allow the user agent to render the content of the site in a different fashion to the MIME type
+ No CGI Directories found (use '-C all' to force check all possible dirs)
+ "robots.txt" contains 2 entries which should be manually viewed.
+ Server may leak inodes via ETags, header found with file /, inode: 2c39, size: 590523e6dfcd7, mtime: gzip
+ Apache/2.4.18 appears to be outdated (current is at least Apache/2.4.37). Apache 2.2.34 is the EOL for the 2.x branch.
+ Allowed HTTP Methods: GET, HEAD, POST, OPTIONS 
+ OSVDB-3233: /icons/README: Apache default file found.
+ 7909 requests: 7 error(s) and 8 item(s) reported on remote host
+ End Time:           2021-03-16 14:06:03 (GMT-4) (5849 seconds)
---------------------------------------------------------------------------
+ 1 host(s) tested
